0 info it worked if it ends with ok
1 verbose cli [ 'C:\\Program Files\\nodejs\\node.exe',
1 verbose cli   'C:\\Program Files\\nodejs\\node_modules\\npm\\bin\\npm-cli.js',
1 verbose cli   'install',
1 verbose cli   'angular-route',
1 verbose cli   '--save' ]
2 info using npm@2.15.8
3 info using node@v4.4.7
4 verbose install initial load of C:\Users\rapha\Desktop\gaia-angular-material\package.json
5 warn package.json gaia@1.0.0 No repository field.
6 warn package.json gaia@1.0.0 No README data
7 verbose installManyTop reading scoped package data from C:\Users\rapha\Desktop\gaia-angular-material\node_modules\angular\package.json
8 verbose installManyTop reading scoped package data from C:\Users\rapha\Desktop\gaia-angular-material\node_modules\angular-animate\package.json
9 verbose installManyTop reading scoped package data from C:\Users\rapha\Desktop\gaia-angular-material\node_modules\angular-aria\package.json
10 verbose installManyTop reading scoped package data from C:\Users\rapha\Desktop\gaia-angular-material\node_modules\angular-chart.js\package.json
11 verbose installManyTop reading scoped package data from C:\Users\rapha\Desktop\gaia-angular-material\node_modules\angular-material\package.json
12 verbose installManyTop reading scoped package data from C:\Users\rapha\Desktop\gaia-angular-material\node_modules\angular-material-data-table\package.json
13 verbose installManyTop reading scoped package data from C:\Users\rapha\Desktop\gaia-angular-material\node_modules\angular-md-table\package.json
14 verbose installManyTop reading scoped package data from C:\Users\rapha\Desktop\gaia-angular-material\node_modules\angular-route\package.json
15 verbose installManyTop reading scoped package data from C:\Users\rapha\Desktop\gaia-angular-material\node_modules\angular-router\package.json
16 verbose installManyTop reading scoped package data from C:\Users\rapha\Desktop\gaia-angular-material\node_modules\material-steppers\package.json
17 info package.json angular-material@1.1.0-rc.5 No license field.
18 verbose readDependencies loading dependencies from C:\Users\rapha\Desktop\gaia-angular-material\package.json
19 verbose install angular-route is installed as 1.5.8
20 silly cache add args [ 'angular-route', null ]
21 verbose cache add spec angular-route
22 silly cache add parsed spec Result {
22 silly cache add   raw: 'angular-route',
22 silly cache add   scope: null,
22 silly cache add   name: 'angular-route',
22 silly cache add   rawSpec: '',
22 silly cache add   spec: 'latest',
22 silly cache add   type: 'tag' }
23 silly addNamed angular-route@latest
24 verbose addNamed "latest" is being treated as a dist-tag for angular-route
25 info addNameTag [ 'angular-route', 'latest' ]
26 silly mapToRegistry name angular-route
27 silly mapToRegistry using default registry
28 silly mapToRegistry registry https://registry.npmjs.org/
29 silly mapToRegistry data Result {
29 silly mapToRegistry   raw: 'angular-route',
29 silly mapToRegistry   scope: null,
29 silly mapToRegistry   name: 'angular-route',
29 silly mapToRegistry   rawSpec: '',
29 silly mapToRegistry   spec: 'latest',
29 silly mapToRegistry   type: 'tag' }
30 silly mapToRegistry uri https://registry.npmjs.org/angular-route
31 verbose addNameTag registry:https://registry.npmjs.org/angular-route not in flight; fetching
32 verbose request uri https://registry.npmjs.org/angular-route
33 verbose request no auth needed
34 info attempt registry request try #1 at 21:53:50
35 verbose request id f14e5faebc36612d
36 verbose etag "AATO21JNZDS16R3DPYY4IHTGC"
37 http request GET https://registry.npmjs.org/angular-route
38 http 304 https://registry.npmjs.org/angular-route
39 verbose headers { date: 'Tue, 16 Aug 2016 00:53:46 GMT',
39 verbose headers   via: '1.1 varnish',
39 verbose headers   'cache-control': 'max-age=300',
39 verbose headers   etag: '"AATO21JNZDS16R3DPYY4IHTGC"',
39 verbose headers   age: '72',
39 verbose headers   connection: 'keep-alive',
39 verbose headers   'x-served-by': 'cache-gru7126-GRU',
39 verbose headers   'x-cache': 'HIT',
39 verbose headers   'x-cache-hits': '1',
39 verbose headers   'x-timer': 'S1471308826.141165,VS0,VE0',
39 verbose headers   vary: 'Accept-Encoding' }
40 silly get cb [ 304,
40 silly get   { date: 'Tue, 16 Aug 2016 00:53:46 GMT',
40 silly get     via: '1.1 varnish',
40 silly get     'cache-control': 'max-age=300',
40 silly get     etag: '"AATO21JNZDS16R3DPYY4IHTGC"',
40 silly get     age: '72',
40 silly get     connection: 'keep-alive',
40 silly get     'x-served-by': 'cache-gru7126-GRU',
40 silly get     'x-cache': 'HIT',
40 silly get     'x-cache-hits': '1',
40 silly get     'x-timer': 'S1471308826.141165,VS0,VE0',
40 silly get     vary: 'Accept-Encoding' } ]
41 verbose etag https://registry.npmjs.org/angular-route from cache
42 verbose get saving angular-route to C:\Users\rapha\AppData\Roaming\npm-cache\registry.npmjs.org\angular-route\.cache.json
43 verbose correctMkdir C:\Users\rapha\AppData\Roaming\npm-cache correctMkdir not in flight; initializing
44 silly addNameTag next cb for angular-route with tag latest
45 silly addNamed angular-route@1.5.8
46 verbose addNamed "1.5.8" is a plain semver version for angular-route
47 silly cache afterAdd angular-route@1.5.8
48 verbose afterAdd C:\Users\rapha\AppData\Roaming\npm-cache\angular-route\1.5.8\package\package.json not in flight; writing
49 verbose correctMkdir C:\Users\rapha\AppData\Roaming\npm-cache correctMkdir not in flight; initializing
50 verbose afterAdd C:\Users\rapha\AppData\Roaming\npm-cache\angular-route\1.5.8\package\package.json written
51 silly install resolved [ { name: 'angular-route',
51 silly install resolved     version: '1.5.8',
51 silly install resolved     description: 'AngularJS router module',
51 silly install resolved     main: 'index.js',
51 silly install resolved     scripts: { test: 'echo "Error: no test specified" && exit 1' },
51 silly install resolved     repository:
51 silly install resolved      { type: 'git',
51 silly install resolved        url: 'git+https://github.com/angular/angular.js.git' },
51 silly install resolved     keywords: [ 'angular', 'framework', 'browser', 'router', 'client-side' ],
51 silly install resolved     author:
51 silly install resolved      { name: 'Angular Core Team',
51 silly install resolved        email: 'angular-core+npm@google.com' },
51 silly install resolved     license: 'MIT',
51 silly install resolved     bugs: { url: 'https://github.com/angular/angular.js/issues' },
51 silly install resolved     homepage: 'http://angularjs.org',
51 silly install resolved     jspm: { shim: [Object] },
51 silly install resolved     gitHead: 'e96eff424fdd9689061659603ca59470375bf024',
51 silly install resolved     _id: 'angular-route@1.5.8',
51 silly install resolved     _shasum: '964093de7ec8dc5799bd56a93a6ce5f60095674b',
51 silly install resolved     _from: 'angular-route@latest',
51 silly install resolved     _npmVersion: '2.15.8',
51 silly install resolved     _nodeVersion: '4.4.7',
51 silly install resolved     _npmUser: { name: 'angularcore', email: 'angular-core+npm@google.com' },
51 silly install resolved     dist:
51 silly install resolved      { shasum: '964093de7ec8dc5799bd56a93a6ce5f60095674b',
51 silly install resolved        tarball: 'https://registry.npmjs.org/angular-route/-/angular-route-1.5.8.tgz' },
51 silly install resolved     maintainers: [ [Object], [Object] ],
51 silly install resolved     _npmOperationalInternal:
51 silly install resolved      { host: 'packages-12-west.internal.npmjs.com',
51 silly install resolved        tmp: 'tmp/angular-route-1.5.8.tgz_1469201487889_0.9498146858531982' },
51 silly install resolved     directories: {},
51 silly install resolved     _resolved: 'https://registry.npmjs.org/angular-route/-/angular-route-1.5.8.tgz',
51 silly install resolved     readme: 'ERROR: No README data found!' } ]
52 info install angular-route@1.5.8 into C:\Users\rapha\Desktop\gaia-angular-material
53 info installOne angular-route@1.5.8
54 verbose installOne of angular-route to C:\Users\rapha\Desktop\gaia-angular-material not in flight; installing
55 verbose correctMkdir C:\Users\rapha\AppData\Roaming\npm-cache\_locks correctMkdir not in flight; initializing
56 verbose lock using C:\Users\rapha\AppData\Roaming\npm-cache\_locks\angular-route-43e88b241eed5b46.lock for C:\Users\rapha\Desktop\gaia-angular-material\node_modules\angular-route
57 silly install write writing angular-route 1.5.8 to C:\Users\rapha\Desktop\gaia-angular-material\node_modules\angular-route
58 verbose unbuild node_modules\angular-route
59 info preuninstall angular-route@1.5.8
60 info uninstall angular-route@1.5.8
61 verbose unbuild rmStuff angular-route@1.5.8 from C:\Users\rapha\Desktop\gaia-angular-material\node_modules
62 info postuninstall angular-route@1.5.8
63 silly gentlyRm C:\Users\rapha\Desktop\gaia-angular-material\node_modules\angular-route is being purged from base C:\Users\rapha\Desktop\gaia-angular-material
64 verbose gentlyRm don't care about contents; nuking C:\Users\rapha\Desktop\gaia-angular-material\node_modules\angular-route
65 silly vacuum-fs purging C:\Users\rapha\Desktop\gaia-angular-material\node_modules\angular-route
66 silly vacuum-fs quitting because other entries in C:\Users\rapha\Desktop\gaia-angular-material\node_modules
67 verbose tar unpack C:\Users\rapha\AppData\Roaming\npm-cache\angular-route\1.5.8\package.tgz
68 verbose tar unpacking to C:\Users\rapha\Desktop\gaia-angular-material\node_modules\angular-route
69 silly gentlyRm C:\Users\rapha\Desktop\gaia-angular-material\node_modules\angular-route is being purged
70 verbose gentlyRm don't care about contents; nuking C:\Users\rapha\Desktop\gaia-angular-material\node_modules\angular-route
71 silly gunzTarPerm modes [ '777', '666' ]
72 silly gunzTarPerm extractEntry package.json
73 silly gunzTarPerm modified mode [ 'package.json', 420, 438 ]
74 silly gunzTarPerm extractEntry README.md
75 silly gunzTarPerm modified mode [ 'README.md', 420, 438 ]
76 silly gunzTarPerm extractEntry angular-route.js
77 silly gunzTarPerm modified mode [ 'angular-route.js', 420, 438 ]
78 silly gunzTarPerm extractEntry angular-route.min.js
79 silly gunzTarPerm modified mode [ 'angular-route.min.js', 420, 438 ]
80 silly gunzTarPerm extractEntry index.js
81 silly gunzTarPerm modified mode [ 'index.js', 420, 438 ]
82 silly gunzTarPerm extractEntry LICENSE.md
83 silly gunzTarPerm modified mode [ 'LICENSE.md', 420, 438 ]
84 silly gunzTarPerm extractEntry angular-route.min.js.map
85 silly gunzTarPerm modified mode [ 'angular-route.min.js.map', 420, 438 ]
86 silly gunzTarPerm extractEntry bower.json
87 silly gunzTarPerm modified mode [ 'bower.json', 420, 438 ]
88 verbose write writing to C:\Users\rapha\Desktop\gaia-angular-material\node_modules\angular-route\package.json
89 info preinstall angular-route@1.5.8
90 verbose readDependencies loading dependencies from C:\Users\rapha\Desktop\gaia-angular-material\node_modules\angular-route\package.json
91 verbose readDependencies loading dependencies from C:\Users\rapha\Desktop\gaia-angular-material\node_modules\angular-route\package.json
92 silly install resolved []
93 verbose about to build C:\Users\rapha\Desktop\gaia-angular-material\node_modules\angular-route
94 info build C:\Users\rapha\Desktop\gaia-angular-material\node_modules\angular-route
95 info linkStuff angular-route@1.5.8
96 silly linkStuff angular-route@1.5.8 has C:\Users\rapha\Desktop\gaia-angular-material\node_modules as its parent node_modules
97 verbose linkBins angular-route@1.5.8
98 verbose linkMans angular-route@1.5.8
99 verbose rebuildBundles angular-route@1.5.8
100 info install angular-route@1.5.8
101 info postinstall angular-route@1.5.8
102 verbose unlock done using C:\Users\rapha\AppData\Roaming\npm-cache\_locks\angular-route-43e88b241eed5b46.lock for C:\Users\rapha\Desktop\gaia-angular-material\node_modules\angular-route
103 verbose validateInstall loading C:\Users\rapha\Desktop\gaia-angular-material\package.json for validation
104 verbose stack Error: The package angular-material@1.1.0-rc.5 does not satisfy its siblings' peerDependencies requirements!
104 verbose stack     at C:\Program Files\nodejs\node_modules\npm\lib\install.js:125:32
104 verbose stack     at C:\Program Files\nodejs\node_modules\npm\lib\install.js:268:7
104 verbose stack     at C:\Program Files\nodejs\node_modules\npm\node_modules\read-installed\read-installed.js:142:5
104 verbose stack     at C:\Program Files\nodejs\node_modules\npm\node_modules\read-installed\read-installed.js:263:14
104 verbose stack     at cb (C:\Program Files\nodejs\node_modules\npm\node_modules\slide\lib\async-map.js:47:24)
104 verbose stack     at C:\Program Files\nodejs\node_modules\npm\node_modules\read-installed\read-installed.js:263:14
104 verbose stack     at cb (C:\Program Files\nodejs\node_modules\npm\node_modules\slide\lib\async-map.js:47:24)
104 verbose stack     at C:\Program Files\nodejs\node_modules\npm\node_modules\read-installed\read-installed.js:263:14
104 verbose stack     at cb (C:\Program Files\nodejs\node_modules\npm\node_modules\slide\lib\async-map.js:47:24)
104 verbose stack     at C:\Program Files\nodejs\node_modules\npm\node_modules\read-installed\read-installed.js:263:14
105 verbose cwd C:\Users\rapha\Desktop\gaia-angular-material
106 error Windows_NT 10.0.10586
107 error argv "C:\\Program Files\\nodejs\\node.exe" "C:\\Program Files\\nodejs\\node_modules\\npm\\bin\\npm-cli.js" "install" "angular-route" "--save"
108 error node v4.4.7
109 error npm  v2.15.8
110 error code EPEERINVALID
111 error peerinvalid The package angular-material@1.1.0-rc.5 does not satisfy its siblings' peerDependencies requirements!
111 error peerinvalid Peer angular-material-data-table@0.10.9 wants angular-material@^1.0.0
112 verbose exit [ 1, true ]
